
> rest-express@1.0.0 dev
> concurrently "tsx server/index.ts" "vite"

[1] 
[1]   VITE v5.4.14  ready in 603 ms
[1] 
[1]   âžœ  Local:   http://localhost:5173/
[1]   âžœ  Network: use --host to expose
[1] Error:   Failed to scan for dependencies from entries:
[1]   /home/runner/workspace/client/index.html
[1] 
[1]   âœ˜ [ERROR] Unexpected closing "TabsContent" tag does not match opening "div" tag
[1] 
[1]     client/src/pages/books.tsx:1184:2:
[1]       1184 â”‚ </TabsContent>
[1]            â”‚   ~~~~~~~~~~~
[1]            â•µ   div
[1] 
[1]   The opening "div" tag is here:
[1] 
[1]     client/src/pages/books.tsx:652:5:
[1]       652 â”‚     <div className="animate-fade-in">
[1]           â•µ      ~~~
[1] 
[1] 
[1] âœ˜ [ERROR] Unterminated regular expression
[1] 
[1]     client/src/pages/books.tsx:1185:13:
[1]       1185 â”‚       </Tabs>
[1]            â•µ              ^
[1] 
[1] 
[1]     at failureErrorWithLog (/home/runner/workspace/node_modules/vite/node_modules/esbuild/lib/main.js:1472:15)
[1]     at /home/runner/workspace/node_modules/vite/node_modules/esbuild/lib/main.js:945:25
[1]     at runOnEndCallbacks (/home/runner/workspace/node_modules/vite/node_modules/esbuild/lib/main.js:1315:45)
[1]     at buildResponseToResult (/home/runner/workspace/node_modules/vite/node_modules/esbuild/lib/main.js:943:7)
[1]     at /home/runner/workspace/node_modules/vite/node_modules/esbuild/lib/main.js:955:9
[1]     at new Promise (<anonymous>)
[1]     at requestCallbacks.on-end (/home/runner/workspace/node_modules/vite/node_modules/esbuild/lib/main.js:954:54)
[1]     at handleRequest (/home/runner/workspace/node_modules/vite/node_modules/esbuild/lib/main.js:647:17)
[1]     at handleIncomingPacket (/home/runner/workspace/node_modules/vite/node_modules/esbuild/lib/main.js:672:7)
[1]     at Socket.readFromStdout (/home/runner/workspace/node_modules/vite/node_modules/esbuild/lib/main.js:600:7)
[0] ðŸš€ API routes initialized
[0] 3:27:05 PM [express] serving on port 5001
[0] Error:   Failed to scan for dependencies from entries:
[0]   /home/runner/workspace/client/index.html
[0] 
[0]   âœ˜ [ERROR] Unexpected closing "TabsContent" tag does not match opening "div" tag
[0] 
[0]     client/src/pages/books.tsx:1184:2:
[0]       1184 â”‚ </TabsContent>
[0]            â”‚   ~~~~~~~~~~~
[0]            â•µ   div
[0] 
[0]   The opening "div" tag is here:
[0] 
[0]     client/src/pages/books.tsx:652:5:
[0]       652 â”‚     <div className="animate-fade-in">
[0]           â•µ      ~~~
[0] 
[0] 
[0] âœ˜ [ERROR] Unterminated regular expression
[0] 
[0]     client/src/pages/books.tsx:1185:13:
[0]       1185 â”‚       </Tabs>
[0]            â•µ              ^
[0] 
[0] 
[0]     at failureErrorWithLog (/home/runner/workspace/node_modules/vite/node_modules/esbuild/lib/main.js:1472:15)
[0]     at /home/runner/workspace/node_modules/vite/node_modules/esbuild/lib/main.js:945:25
[0]     at runOnEndCallbacks (/home/runner/workspace/node_modules/vite/node_modules/esbuild/lib/main.js:1315:45)
[0]     at buildResponseToResult (/home/runner/workspace/node_modules/vite/node_modules/esbuild/lib/main.js:943:7)
[0]     at /home/runner/workspace/node_modules/vite/node_modules/esbuild/lib/main.js:955:9
[0]     at new Promise (<anonymous>)
[0]     at requestCallbacks.on-end (/home/runner/workspace/node_modules/vite/node_modules/esbuild/lib/main.js:954:54)
[0]     at handleRequest (/home/runner/workspace/node_modules/vite/node_modules/esbuild/lib/main.js:647:17)
[0]     at handleIncomingPacket (/home/runner/workspace/node_modules/vite/node_modules/esbuild/lib/main.js:672:7)
[0]     at Socket.readFromStdout (/home/runner/workspace/node_modules/vite/node_modules/esbuild/lib/main.js:600:7)
[0] tsx server/index.ts exited with code 1
