PS C:\Users\Asus\Downloads\LibraryIntelligence> npm run electron-pack

> rest-express@1.0.0 preelectron-pack
> npm run build


> rest-express@1.0.0 build
> tsc && vite build

client/src/components/dashboard/book-recommendations.tsx:149:95 - error TS2345: Argument of type 'Set<string> | Set<unknown>' is not assignable to parameter of type 'Set<string>'.
  Type 'Set<unknown>' is not assignable to type 'Set<string>'.
    Type 'unknown' is not assignable to type 'string'.

149         matchReasons: getMatchReasons(book, genrePreferences, favoriteAuthors as Set<string>, favoriteBooks)
                                                                                                  ~~~~~~~~~~~~~

client/src/components/forms/book-form.tsx:910:25 - error TS2322: Type 'string | undefined' is not assignable to type 'string'.
  Type 'undefined' is not assignable to type 'string'.

910                         value={field.value}
                            ~~~~~

  client/src/components/ui/image-upload.tsx:12:3
    12   value: string;
         ~~~~~
    The expected type comes from property 'value' which is declared here on type 'IntrinsicAttributes & ImageUploadProps'

client/src/components/forms/book-form.tsx:1395:21 - error TS2322: Type '{ key: number | undefined; quote: { id?: number | undefined; content: string; page?: number | undefined; chapter?: string | undefined; author?: string | undefined; tags?: string | undefined; isFavorite?: boolean | undefined; }; onEdit: (quote: any) => void; onDelete: (id: string | number) => Promise<...>; onToggleFa...' is not assignable to type 'IntrinsicAttributes & QuoteCardProps'.
  Property 'onEdit' does not exist on type 'IntrinsicAttributes & QuoteCardProps'.

1395                     onEdit={handleEditQuote}
                         ~~~~~~

client/src/components/forms/book-form.tsx:1455:38 - error TS2769: No overload matches this call.
  Overload 1 of 4, '(value: string | number | Date): Date', gave the following error.
    Argument of type 'string | undefined' is not assignable to parameter of type 'string | number | Date'.
      Type 'undefined' is not assignable to type 'string | number | Date'.
  Overload 2 of 4, '(value: string | number): Date', gave the following error.
    Argument of type 'string | undefined' is not assignable to parameter of type 'string | number'.
      Type 'undefined' is not assignable to type 'string | number'.

1455                           ? new Date(form.getValues('publishedDate')).toLocaleDateString()
                                          ~~~~~~~~~~~~~~~~~~~~~~~~~~~~~~~


client/src/components/forms/book-form.tsx:1524:75 - error TS2345: Argument of type 'number | undefined' is not assignable to parameter of type 'number'.
  Type 'undefined' is not assignable to type 'number'.

1524                               i < Math.floor((parseFloat(getAverageRating(book.id) || '0')) / 2)
                                                                               ~~~~~~~

client/src/components/layout/notification-dropdown.tsx:142:106 - error TS2345: Argument of type '{}' is not assignable to parameter of type 'any[]'.
  Type '{}' is missing the following properties from type 'any[]': length, pop, push, concat, and 35 more.

142       const notifications = checkExpiryAndOverdue(Array.isArray(borrowers) ? borrowers : [], borrowings, librarians, notificationSettings);
                                                                                                             ~~~~~~~~~~

client/src/components/ui/aspect-ratio.tsx:2:39 - error TS2307: Cannot find module '@radix-ui/react-aspect-ratio' or its corresponding type declarations.

2 import * as AspectRatioPrimitive from "@radix-ui/react-aspect-ratio";
                                        ~~~~~~~~~~~~~~~~~~~~~~~~~~~~~~

client/src/components/ui/carousel.tsx:4:8 - error TS2307: Cannot find module 'embla-carousel-react' or its corresponding type declarations.

4 } from "embla-carousel-react";
         ~~~~~~~~~~~~~~~~~~~~~~

client/src/components/ui/input-otp.tsx:2:43 - error TS2307: Cannot find module 'input-otp' or its corresponding type declarations.

2 import { OTPInput, OTPInputContext } from "input-otp";
                                            ~~~~~~~~~~~

client/src/components/ui/resizable.tsx:5:37 - error TS2307: Cannot find module 'react-resizable-panels' or its corresponding type declarations.

5 import * as ResizablePrimitive from "react-resizable-panels";
                                      ~~~~~~~~~~~~~~~~~~~~~~~~

client/src/lib/localStorage.ts:801:7 - error TS2322: Type 'any[]' is not assignable to type 'never[]'.
  Type 'any' is not assignable to type 'never'.

801       cleanData.books = data.books.filter((book: any) =>
          ~~~~~~~~~~~~~~~

client/src/lib/localStorage.ts:812:7 - error TS2322: Type 'any[]' is not assignable to type 'never[]'.
  Type 'any' is not assignable to type 'never'.

812       cleanData.borrowers = data.borrowers.filter((borrower: any) =>
          ~~~~~~~~~~~~~~~~~~~

client/src/lib/localStorage.ts:823:7 - error TS2322: Type 'any[]' is not assignable to type 'never[]'.
  Type 'any' is not assignable to type 'never'.

823       cleanData.librarians = data.librarians.filter((librarian: any) =>
          ~~~~~~~~~~~~~~~~~~~~

client/src/lib/localStorage.ts:833:7 - error TS2322: Type 'any[]' is not assignable to type 'never[]'.
  Type 'any' is not assignable to type 'never'.

833       cleanData.borrowings = data.borrowings.filter((borrowing: any) => {
          ~~~~~~~~~~~~~~~~~~~~

client/src/lib/localStorage.ts:857:7 - error TS2322: Type 'any[]' is not assignable to type 'never[]'.
  Type 'any' is not assignable to type 'never'.

857       cleanData.membershipApplications = data.membershipApplications.filter((app: any) =>
          ~~~~~~~~~~~~~~~~~~~~~~~~~~~~~~~~

client/src/lib/localStorage.ts:888:52 - error TS7006: Parameter 'borrowing' implicitly has an 'any' type.

888           data.borrowings = data.borrowings.filter(borrowing => {
                                                       ~~~~~~~~~

client/src/pages/books.tsx:86:24 - error TS2339: Property 'filter' does not exist on type '{}'.

86     return borrowings?.filter((b: Borrowing) => b.bookId === bookId) || [];
                          ~~~~~~

client/src/pages/books.tsx:172:19 - error TS18047: 'e.currentTarget.parentElement' is possibly 'null'.

172                   e.currentTarget.parentElement.innerHTML = '<BookOpen class="h-5 w-5 text-blue-600 dark:text-blue-300" />';
                      ~~~~~~~~~~~~~~~~~~~~~~~~~~~~~

client/src/pages/books.tsx:242:40 - error TS2339: Property 'some' does not exist on type '{}'.

242         const isBorrowed = borrowings?.some((b: any) => b.bookId === row.id && b.status === 'borrowed');
                                           ~~~~

client/src/pages/books.tsx:377:44 - error TS2339: Property 'filter' does not exist on type '{}'.

377           {filterType === 'code' && books?.filter(book => book.bookCode && book.bookCode.trim() !== '').map(book => (
                                               ~~~~~~

client/src/pages/books.tsx:377:51 - error TS7006: Parameter 'book' implicitly has an 'any' type.

377           {filterType === 'code' && books?.filter(book => book.bookCode && book.bookCode.trim() !== '').map(book => (
                                                      ~~~~

client/src/pages/books.tsx:377:109 - error TS7006: Parameter 'book' implicitly has an 'any' type.

377           {filterType === 'code' && books?.filter(book => book.bookCode && book.bookCode.trim() !== '').map(book => (
                                                                                                                ~~~~

client/src/pages/books.tsx:400:32 - error TS2339: Property 'filter' does not exist on type '{}'.

400   const filteredBooks = books?.filter(book => {
                                   ~~~~~~

client/src/pages/books.tsx:400:39 - error TS7006: Parameter 'book' implicitly has an 'any' type.

400   const filteredBooks = books?.filter(book => {
                                          ~~~~

client/src/pages/books.tsx:401:36 - error TS2339: Property 'some' does not exist on type '{}'.

401     const isBorrowed = borrowings?.some((b: any) => b.bookId === book.id && b.status === 'borrowed');
                                       ~~~~

client/src/pages/books.tsx:468:56 - error TS2345: Argument of type 'unknown' is not assignable to parameter of type 'any[]'.

468       const stats = exportLibraryWithStatistics(books, borrowings);
                                                           ~~~~~~~~~~

client/src/pages/books.tsx:738:34 - error TS2339: Property 'length' does not exist on type '{}'.

738                   index={(books?.length || 0) + 1}
                                     ~~~~~~

client/src/pages/books.tsx:739:19 - error TS2322: Type '{ index: any; initialData: any; onSuccess: () => void; onCancel: () => void; }' is not assignable to type 'IntrinsicAttributes & BookFormProps'.
  Property 'initialData' does not exist on type 'IntrinsicAttributes & BookFormProps'.

739                   initialData={editingBook}
                      ~~~~~~~~~~~

client/src/pages/books.tsx:754:55 - error TS2339: Property 'length' does not exist on type '{}'.

754           <TabsTrigger value="all">All Books ({books?.length || 0})</TabsTrigger>
                                                          ~~~~~~

client/src/pages/books.tsx:760:57 - error TS2339: Property 'length' does not exist on type '{}'.

760           <TabsTrigger value="gallery">Gallery ({books?.length || 0})</TabsTrigger>
                                                            ~~~~~~

client/src/pages/books.tsx:773:15 - error TS2322: Type '{ data: any; columns: { key: string; header: string; cell: (row: any) => any; }[]; searchable: true; loading: boolean; emptyMessage: string; actions: (row: any) => Element; pagination: { totalItems: any; itemsPerPage: number; currentPage: number; onPageChange: Dispatch<...>; }; }' is not assignable to type 'IntrinsicAttributes & DataTableProps'.
  Property 'emptyMessage' does not exist on type 'IntrinsicAttributes & DataTableProps'.

773               emptyMessage={getEmptyMessage()}
                  ~~~~~~~~~~~~

client/src/pages/books.tsx:857:17 - error TS2322: Type '{ data: any[]; columns: { key: string; header: string; cell: (row: any) => any; }[]; searchable: true; loading: boolean; emptyMessage: string; actions: (row: any) => Element; }' is not assignable to type 'IntrinsicAttributes & DataTableProps'.
  Property 'emptyMessage' does not exist on type 'IntrinsicAttributes & DataTableProps'.

857                 emptyMessage="No books are currently borrowed"
                    ~~~~~~~~~~~~

client/src/pages/books.tsx:912:17 - error TS2322: Type '{ data: any[]; columns: { key: string; header: string; cell: (row: any) => any; }[]; searchable: true; loading: boolean; emptyMessage: string; actions: (row: any) => Element; }' is not assignable to type 'IntrinsicAttributes & DataTableProps'.
  Property 'emptyMessage' does not exist on type 'IntrinsicAttributes & DataTableProps'.

912                 emptyMessage="No borrowing data available"
                    ~~~~~~~~~~~~

client/src/pages/books.tsx:967:17 - error TS2322: Type '{ data: any[]; columns: { key: string; header: string; cell: (row: any) => any; }[]; searchable: true; loading: boolean; emptyMessage: string; actions: (row: any) => Element; }' is not assignable to type 'IntrinsicAttributes & DataTableProps'.
  Property 'emptyMessage' does not exist on type 'IntrinsicAttributes & DataTableProps'.

967                 emptyMessage="No popularity data available"
                    ~~~~~~~~~~~~

client/src/pages/books.tsx:1022:17 - error TS2322: Type '{ data: any[]; columns: { key: string; header: string; cell: (row: any) => any; }[]; searchable: true; loading: boolean; emptyMessage: string; actions: (row: any) => Element; }' is not assignable to type 'IntrinsicAttributes & DataTableProps'.
  Property 'emptyMessage' does not exist on type 'IntrinsicAttributes & DataTableProps'.

1022                 emptyMessage="No rating data available"
                     ~~~~~~~~~~~~

client/src/pages/books.tsx:1091:39 - error TS7006: Parameter 'book' implicitly has an 'any' type.

1091                   {filteredBooks.map((book) => {
                                           ~~~~

client/src/pages/books.tsx:1092:52 - error TS2339: Property 'some' does not exist on type '{}'.

1092                     const isBorrowed = borrowings?.some((b: any) => b.bookId === book.id && b.status === 'borrowed');
                                                        ~~~~

client/src/pages/borrowing.tsx:187:11 - error TS2801: This condition will always return true since this 'Promise<any>' is always defined.

187       if (updatedBorrowing) {
              ~~~~~~~~~~~~~~~~

  client/src/pages/borrowing.tsx:187:11
    187       if (updatedBorrowing) {
                  ~~~~~~~~~~~~~~~~
    Did you forget to use 'await'?

client/src/pages/borrowing.tsx:602:15 - error TS2322: Type '{ data: any[]; columns: ({ key: string; header: string; cell: (row: any) => string; } | { key: string; header: string; cell: (row: any) => Element | "Unknown"; } | { key: string; header: string; cell: (row: any) => Element | "-"; } | { ...; })[]; loading: boolean; emptyMessage: string; }' is not assignable to type 'IntrinsicAttributes & DataTableProps'.
  Property 'emptyMessage' does not exist on type 'IntrinsicAttributes & DataTableProps'.

602               emptyMessage="No borrowing records found"
                  ~~~~~~~~~~~~

client/src/pages/dashboard.tsx:159:33 - error TS2339: Property 'map' does not exist on type '{}'.

159     return borrowerDistribution.map((item: any) => ({
                                    ~~~

client/src/pages/dashboard.tsx:160:13 - error TS7053: Element implicitly has an 'any' type because expression of type 'any' can't be used to index type '{ primary: string; middle: string; secondary: string; university: string; graduate: string; }'.

160       name: categoryMap[item.category] || item.category,
                ~~~~~~~~~~~~~~~~~~~~~~~~~~

client/src/pages/dashboard.tsx:232:31 - error TS2339: Property 'filter' does not exist on type '{}'.

232             value={borrowers?.filter(borrower => {
                                  ~~~~~~

client/src/pages/dashboard.tsx:232:38 - error TS7006: Parameter 'borrower' implicitly has an 'any' type.

232             value={borrowers?.filter(borrower => {
                                         ~~~~~~~~

client/src/pages/dashboard.tsx:239:33 - error TS2339: Property 'filter' does not exist on type '{}'.

239               value: borrowers?.filter(borrower => {
                                    ~~~~~~

client/src/pages/dashboard.tsx:239:40 - error TS7006: Parameter 'borrower' implicitly has an 'any' type.

239               value: borrowers?.filter(borrower => {
                                           ~~~~~~~~

client/src/pages/dashboard.tsx:244:33 - error TS2339: Property 'filter' does not exist on type '{}'.

244               trend: borrowers?.filter(borrower => {
                                    ~~~~~~

client/src/pages/dashboard.tsx:244:40 - error TS7006: Parameter 'borrower' implicitly has an 'any' type.

244               trend: borrowers?.filter(borrower => {
                                           ~~~~~~~~

client/src/pages/dashboard.tsx:264:33 - error TS2339: Property 'length' does not exist on type '{}'.

264         {!borrowerDistribution?.length ? (
                                    ~~~~~~

client/src/pages/dashboard.tsx:283:29 - error TS2339: Property 'length' does not exist on type '{}'.

283         {!memberGrowthData?.length && !borrowers?.length ? (
                                ~~~~~~

client/src/pages/dashboard.tsx:283:51 - error TS2339: Property 'length' does not exist on type '{}'.

283         {!memberGrowthData?.length && !borrowers?.length ? (
                                                      ~~~~~~


Found 50 errors in 11 files.

Errors  Files
     1  client/src/components/dashboard/book-recommendations.tsx:149
     4  client/src/components/forms/book-form.tsx:910
     1  client/src/components/layout/notification-dropdown.tsx:142
     1  client/src/components/ui/aspect-ratio.tsx:2
     1  client/src/components/ui/carousel.tsx:4
     1  client/src/components/ui/input-otp.tsx:2
     1  client/src/components/ui/resizable.tsx:5
     6  client/src/lib/localStorage.ts:801
    21  client/src/pages/books.tsx:86
     2  client/src/pages/borrowing.tsx:187
    11  client/src/pages/dashboard.tsx:159